<?xml version="1.0" encoding="UTF-8"?>
<!-- Generated by org.testng.reporters.JUnitReportReporter -->
<testsuite hostname="ISIPLMUMLP110" failures="0" tests="3" name="com.twitter.runner.testrunner" time="248.949" errors="0" timestamp="26 Mar 2021 07:34:21 GMT">
  <testcase classname="com.twitter.runner.testrunner" name="feature" time="76.415"/>
  <testcase classname="com.twitter.runner.testrunner" name="feature" time="138.769"/>
  <testcase classname="com.twitter.runner.testrunner" name="feature" time="33.765"/>
</testsuite> <!-- com.twitter.runner.testrunner -->
